{"/Users/romeoenso/Desktop/Sites/refluens/api/src/controllers/BedController.js": {"path":"/Users/romeoenso/Desktop/Sites/refluens/api/src/controllers/BedController.js","statementMap":{"0":{"start":{"line":4,"column":20},"end":{"line":8,"column":1}}},"fnMap":{"0":{"name":"(anonymous_0)","decl":{"start":{"line":4,"column":20},"end":{"line":4,"column":21}},"loc":{"start":{"line":4,"column":34},"end":{"line":8,"column":1}},"line":4}},"branchMap":{},"s":{"0":1},"f":{"0":0},"b":{},"_coverageSchema":"43e27e138ebf9cfc5966b082cf9a028302ed4184","hash":"44b2c520f0bb26f3acc8e0d7342b51de33dd2636"}
,"/Users/romeoenso/Desktop/Sites/refluens/api/src/models/BedConfiguration.js": {"path":"/Users/romeoenso/Desktop/Sites/refluens/api/src/models/BedConfiguration.js","statementMap":{"0":{"start":{"line":4,"column":31},"end":{"line":13,"column":2}},"1":{"start":{"line":16,"column":17},"end":{"line":19,"column":3}},"2":{"start":{"line":21,"column":2},"end":{"line":21,"column":36}}},"fnMap":{"0":{"name":"validateBedConfig","decl":{"start":{"line":15,"column":16},"end":{"line":15,"column":33}},"loc":{"start":{"line":15,"column":40},"end":{"line":22,"column":1}},"line":15}},"branchMap":{},"s":{"0":2,"1":2,"2":2},"f":{"0":2},"b":{},"_coverageSchema":"43e27e138ebf9cfc5966b082cf9a028302ed4184","hash":"b9b0090e9930f28494cad713879c7b4249af4ec9"}
,"/Users/romeoenso/Desktop/Sites/refluens/api/src/models/Customer.js": {"path":"/Users/romeoenso/Desktop/Sites/refluens/api/src/models/Customer.js","statementMap":{"0":{"start":{"line":4,"column":30},"end":{"line":27,"column":2}},"1":{"start":{"line":30,"column":17},"end":{"line":37,"column":3}},"2":{"start":{"line":39,"column":2},"end":{"line":39,"column":40}}},"fnMap":{"0":{"name":"validateCustomer","decl":{"start":{"line":29,"column":16},"end":{"line":29,"column":32}},"loc":{"start":{"line":29,"column":43},"end":{"line":41,"column":1}},"line":29}},"branchMap":{},"s":{"0":1,"1":1,"2":1},"f":{"0":1},"b":{},"_coverageSchema":"43e27e138ebf9cfc5966b082cf9a028302ed4184","hash":"0497704263419d1906f7242dae01eb98b8e0b93c"}
,"/Users/romeoenso/Desktop/Sites/refluens/api/src/models/Feature.js": {"path":"/Users/romeoenso/Desktop/Sites/refluens/api/src/models/Feature.js","statementMap":{"0":{"start":{"line":4,"column":29},"end":{"line":11,"column":2}},"1":{"start":{"line":14,"column":17},"end":{"line":16,"column":3}},"2":{"start":{"line":18,"column":2},"end":{"line":18,"column":39}}},"fnMap":{"0":{"name":"validateFeature","decl":{"start":{"line":13,"column":16},"end":{"line":13,"column":31}},"loc":{"start":{"line":13,"column":41},"end":{"line":19,"column":1}},"line":13}},"branchMap":{},"s":{"0":2,"1":5,"2":5},"f":{"0":5},"b":{},"_coverageSchema":"43e27e138ebf9cfc5966b082cf9a028302ed4184","hash":"a6007ea53c6f8d60811ade4e9837a7d720347a3e"}
,"/Users/romeoenso/Desktop/Sites/refluens/api/src/models/Image.js": {"path":"/Users/romeoenso/Desktop/Sites/refluens/api/src/models/Image.js","statementMap":{"0":{"start":{"line":4,"column":27},"end":{"line":11,"column":2}},"1":{"start":{"line":14,"column":17},"end":{"line":17,"column":3}},"2":{"start":{"line":19,"column":2},"end":{"line":19,"column":37}}},"fnMap":{"0":{"name":"validateImage","decl":{"start":{"line":13,"column":16},"end":{"line":13,"column":29}},"loc":{"start":{"line":13,"column":37},"end":{"line":20,"column":1}},"line":13}},"branchMap":{},"s":{"0":2,"1":5,"2":5},"f":{"0":5},"b":{},"_coverageSchema":"43e27e138ebf9cfc5966b082cf9a028302ed4184","hash":"3065ae05e2cb99fd858df500df78ef5716a3b301"}
,"/Users/romeoenso/Desktop/Sites/refluens/api/src/models/PackageRate.js": {"path":"/Users/romeoenso/Desktop/Sites/refluens/api/src/models/PackageRate.js","statementMap":{"0":{"start":{"line":3,"column":33},"end":{"line":23,"column":2}}},"fnMap":{},"branchMap":{},"s":{"0":1},"f":{},"b":{},"_coverageSchema":"43e27e138ebf9cfc5966b082cf9a028302ed4184","hash":"6723ce8499ba314274f4e18afa6df768a17767a3"}
,"/Users/romeoenso/Desktop/Sites/refluens/api/src/models/Rate.js": {"path":"/Users/romeoenso/Desktop/Sites/refluens/api/src/models/Rate.js","statementMap":{"0":{"start":{"line":3,"column":26},"end":{"line":36,"column":2}}},"fnMap":{},"branchMap":{},"s":{"0":1},"f":{},"b":{},"_coverageSchema":"43e27e138ebf9cfc5966b082cf9a028302ed4184","hash":"3d8b77de17fc8483aa5f6cff9d2661f55b14edda"}
,"/Users/romeoenso/Desktop/Sites/refluens/api/src/models/Room.js": {"path":"/Users/romeoenso/Desktop/Sites/refluens/api/src/models/Room.js","statementMap":{"0":{"start":{"line":7,"column":26},"end":{"line":58,"column":2}}},"fnMap":{},"branchMap":{},"s":{"0":1},"f":{},"b":{},"_coverageSchema":"43e27e138ebf9cfc5966b082cf9a028302ed4184","hash":"edf2ccc99347ba912acfd198f7b9f4d9d204d594"}
,"/Users/romeoenso/Desktop/Sites/refluens/api/src/models/RoomAvailability.js": {"path":"/Users/romeoenso/Desktop/Sites/refluens/api/src/models/RoomAvailability.js","statementMap":{"0":{"start":{"line":3,"column":38},"end":{"line":18,"column":2}}},"fnMap":{},"branchMap":{},"s":{"0":1},"f":{},"b":{},"_coverageSchema":"43e27e138ebf9cfc5966b082cf9a028302ed4184","hash":"f49eeadf6ba925fe7bbbdc30198099d4b98606e9"}
,"/Users/romeoenso/Desktop/Sites/refluens/api/src/models/RoomExtra.js": {"path":"/Users/romeoenso/Desktop/Sites/refluens/api/src/models/RoomExtra.js","statementMap":{"0":{"start":{"line":3,"column":31},"end":{"line":18,"column":2}}},"fnMap":{},"branchMap":{},"s":{"0":1},"f":{},"b":{},"_coverageSchema":"43e27e138ebf9cfc5966b082cf9a028302ed4184","hash":"16cee80d251b18d695e2a2bd08c84e835b277145"}
,"/Users/romeoenso/Desktop/Sites/refluens/api/src/models/Type.js": {"path":"/Users/romeoenso/Desktop/Sites/refluens/api/src/models/Type.js","statementMap":{"0":{"start":{"line":3,"column":26},"end":{"line":7,"column":2}}},"fnMap":{},"branchMap":{},"s":{"0":1},"f":{},"b":{},"_coverageSchema":"43e27e138ebf9cfc5966b082cf9a028302ed4184","hash":"b972ea838b4885f64c7c65bcc8bdb75ae3f68abd"}
,"/Users/romeoenso/Desktop/Sites/refluens/api/src/models/index.js": {"path":"/Users/romeoenso/Desktop/Sites/refluens/api/src/models/index.js","statementMap":{"0":{"start":{"line":13,"column":18},"end":{"line":25,"column":1}},"1":{"start":{"line":14,"column":14},"end":{"line":14,"column":35}},"2":{"start":{"line":15,"column":15},"end":{"line":15,"column":37}},"3":{"start":{"line":16,"column":19},"end":{"line":16,"column":45}},"4":{"start":{"line":18,"column":19},"end":{"line":18,"column":57}},"5":{"start":{"line":19,"column":23},"end":{"line":23,"column":3}},"6":{"start":{"line":24,"column":2},"end":{"line":24,"column":50}}},"fnMap":{"0":{"name":"(anonymous_0)","decl":{"start":{"line":13,"column":18},"end":{"line":13,"column":19}},"loc":{"start":{"line":13,"column":24},"end":{"line":25,"column":1}},"line":13}},"branchMap":{},"s":{"0":1,"1":0,"2":0,"3":0,"4":0,"5":0,"6":0},"f":{"0":0},"b":{},"_coverageSchema":"43e27e138ebf9cfc5966b082cf9a028302ed4184","hash":"6f7095a1f243931f7ffd4eb9a21b6446f570fc81"}
}
