TN:
SF:/Users/romeoenso/Desktop/Sites/refluens/api/src/controllers/BedController.js
FN:4,(anonymous_0)
FNF:1
FNH:0
FNDA:0,(anonymous_0)
DA:4,1
LF:1
LH:1
BRF:0
BRH:0
end_of_record
TN:
SF:/Users/romeoenso/Desktop/Sites/refluens/api/src/models/BedConfiguration.js
FN:15,validateBedConfig
FNF:1
FNH:1
FNDA:2,validateBedConfig
DA:4,2
DA:16,2
DA:21,2
LF:3
LH:3
BRF:0
BRH:0
end_of_record
TN:
SF:/Users/romeoenso/Desktop/Sites/refluens/api/src/models/Customer.js
FN:29,validateCustomer
FNF:1
FNH:1
FNDA:1,validateCustomer
DA:4,1
DA:30,1
DA:39,1
LF:3
LH:3
BRF:0
BRH:0
end_of_record
TN:
SF:/Users/romeoenso/Desktop/Sites/refluens/api/src/models/Feature.js
FN:13,validateFeature
FNF:1
FNH:1
FNDA:5,validateFeature
DA:4,2
DA:14,5
DA:18,5
LF:3
LH:3
BRF:0
BRH:0
end_of_record
TN:
SF:/Users/romeoenso/Desktop/Sites/refluens/api/src/models/Image.js
FN:13,validateImage
FNF:1
FNH:1
FNDA:5,validateImage
DA:4,2
DA:14,5
DA:19,5
LF:3
LH:3
BRF:0
BRH:0
end_of_record
TN:
SF:/Users/romeoenso/Desktop/Sites/refluens/api/src/models/PackageRate.js
FN:28,validatePackageRate
FNF:1
FNH:1
FNDA:3,validatePackageRate
DA:4,2
DA:29,3
DA:39,3
LF:3
LH:3
BRF:0
BRH:0
end_of_record
TN:
SF:/Users/romeoenso/Desktop/Sites/refluens/api/src/models/Rate.js
FNF:0
FNH:0
DA:3,1
LF:1
LH:1
BRF:0
BRH:0
end_of_record
TN:
SF:/Users/romeoenso/Desktop/Sites/refluens/api/src/models/Room.js
FNF:0
FNH:0
DA:3,2
LF:1
LH:1
BRF:0
BRH:0
end_of_record
TN:
SF:/Users/romeoenso/Desktop/Sites/refluens/api/src/models/RoomAvailability.js
FNF:0
FNH:0
DA:3,1
LF:1
LH:1
BRF:0
BRH:0
end_of_record
TN:
SF:/Users/romeoenso/Desktop/Sites/refluens/api/src/models/RoomExtra.js
FNF:0
FNH:0
DA:3,1
LF:1
LH:1
BRF:0
BRH:0
end_of_record
TN:
SF:/Users/romeoenso/Desktop/Sites/refluens/api/src/models/Type.js
FNF:0
FNH:0
DA:3,1
LF:1
LH:1
BRF:0
BRH:0
end_of_record
TN:
SF:/Users/romeoenso/Desktop/Sites/refluens/api/src/models/index.js
FN:13,(anonymous_0)
FNF:1
FNH:0
FNDA:0,(anonymous_0)
DA:13,1
DA:14,0
DA:15,0
DA:16,0
DA:18,0
DA:19,0
DA:24,0
LF:7
LH:1
BRF:0
BRH:0
end_of_record
