TN:
SF:/Users/romeoenso/Desktop/Sites/refluens/api/src/controllers/BedController.js
FN:4,(anonymous_0)
FNF:1
FNH:0
FNDA:0,(anonymous_0)
DA:4,1
LF:1
LH:1
BRF:0
BRH:0
end_of_record
TN:
SF:/Users/romeoenso/Desktop/Sites/refluens/api/src/models/BedConfiguration.js
FN:15,validateBedConfig
FNF:1
FNH:1
FNDA:2,validateBedConfig
DA:4,2
DA:16,2
DA:21,2
LF:3
LH:3
BRF:0
BRH:0
end_of_record
TN:
SF:/Users/romeoenso/Desktop/Sites/refluens/api/src/models/Feature.js
FNF:0
FNH:0
DA:3,1
LF:1
LH:1
BRF:0
BRH:0
end_of_record
TN:
SF:/Users/romeoenso/Desktop/Sites/refluens/api/src/models/Image.js
FNF:0
FNH:0
DA:3,1
LF:1
LH:1
BRF:0
BRH:0
end_of_record
TN:
SF:/Users/romeoenso/Desktop/Sites/refluens/api/src/models/PackageRate.js
FNF:0
FNH:0
DA:3,1
LF:1
LH:1
BRF:0
BRH:0
end_of_record
TN:
SF:/Users/romeoenso/Desktop/Sites/refluens/api/src/models/Rate.js
FNF:0
FNH:0
DA:3,1
LF:1
LH:1
BRF:0
BRH:0
end_of_record
TN:
SF:/Users/romeoenso/Desktop/Sites/refluens/api/src/models/Room.js
FNF:0
FNH:0
DA:7,1
LF:1
LH:1
BRF:0
BRH:0
end_of_record
TN:
SF:/Users/romeoenso/Desktop/Sites/refluens/api/src/models/RoomAvailability.js
FNF:0
FNH:0
DA:3,1
LF:1
LH:1
BRF:0
BRH:0
end_of_record
TN:
SF:/Users/romeoenso/Desktop/Sites/refluens/api/src/models/RoomExtra.js
FNF:0
FNH:0
DA:3,1
LF:1
LH:1
BRF:0
BRH:0
end_of_record
TN:
SF:/Users/romeoenso/Desktop/Sites/refluens/api/src/models/Type.js
FNF:0
FNH:0
DA:3,1
LF:1
LH:1
BRF:0
BRH:0
end_of_record
TN:
SF:/Users/romeoenso/Desktop/Sites/refluens/api/src/models/index.js
FN:13,(anonymous_0)
FNF:1
FNH:0
FNDA:0,(anonymous_0)
DA:13,1
DA:14,0
DA:15,0
DA:16,0
DA:18,0
DA:19,0
DA:24,0
LF:7
LH:1
BRF:0
BRH:0
end_of_record
